2025-07-13 20:06:27:627 [31merror[39m: [31mError retrieving sync info Cannot set headers after they are sent to the client[39m
2025-07-13 20:06:27:627 [31merror[39m: [31mRejeição de promessa não tratada:[39m
2025-07-13 20:06:27:627 [31merror[39m: [31mPromessa: [object Promise], Razão: Error [ERR_HTTP_HEADERS_SENT]: Cannot set headers after they are sent to the client[39m
2025-07-13 20:06:27:627 [31merror[39m: [31mError retrieving sync status Cannot set headers after they are sent to the client[39m
2025-07-13 20:06:27:627 [31merror[39m: [31mRejeição de promessa não tratada:[39m
2025-07-13 20:06:27:627 [31merror[39m: [31mPromessa: [object Promise], Razão: Error [ERR_HTTP_HEADERS_SENT]: Cannot set headers after they are sent to the client[39m
2025-07-14 00:43:50:4350 [31merror[39m: [31mErro ao inicializar Firebase Admin SDK: Failed to parse private key: Error: Too few bytes to read ASN.1 value.[39m
2025-07-14 00:44:19:4419 [31merror[39m: [31mErro ao inicializar Firebase Admin SDK: Failed to parse private key: Error: Invalid PEM formatted message.[39m
2025-07-14 00:46:46:4646 [31merror[39m: [31mErro ao inicializar Firebase Admin SDK: Failed to parse private key: Error: Too few bytes to read ASN.1 value.[39m
2025-07-14 00:50:51:5051 [31merror[39m: [31mErro ao inicializar Firebase Admin SDK: Failed to parse private key: Error: Invalid PEM formatted message.[39m
2025-07-14 00:51:56:5156 [31merror[39m: [31mErro ao inicializar Firebase Admin SDK: Failed to parse private key: Error: Invalid PEM formatted message.[39m
2025-07-14 00:52:12:5212 [31merror[39m: [31mErro ao inicializar Firebase Admin SDK: Failed to parse private key: Error: Invalid PEM formatted message.[39m
2025-07-14 00:52:26:5226 [31merror[39m: [31mErro ao inicializar Firebase Admin SDK: Failed to parse private key: Error: Invalid PEM formatted message.[39m
2025-07-14 00:55:39:5539 [31merror[39m: [31mErro ao inicializar Firebase Admin SDK a partir do arquivo de credenciais. Verifique se o arquivo "firebase-credentials.json" existe e está no formato correto. Failed to parse private key: Error: Too few bytes to read ASN.1 value.[39m
2025-07-14 01:00:16:016 [31merror[39m: [31mErro ao inicializar Firebase Admin SDK a partir do arquivo de credenciais. Verifique se o arquivo "firebase-credentials.json" existe e está no formato correto. Failed to parse service account json file: Error: Failed to parse private key: Error: Too few bytes to read ASN.1 value.[39m
2025-07-14 01:00:36:036 [31merror[39m: [31mErro ao inicializar Firebase Admin SDK a partir do arquivo de credenciais. Verifique se o arquivo "firebase-credentials.json" existe e está no formato correto. Failed to parse service account json file: Error: Failed to parse private key: Error: Too few bytes to read ASN.1 value.[39m
2025-07-14 01:07:04:74 [31merror[39m: [31mErro ao inicializar Firebase Admin SDK a partir do arquivo de credenciais. Verifique se o arquivo "firebase-credentials.json" existe e está no formato correto. Failed to parse service account json file: Error: Failed to parse private key: Error: Invalid PEM formatted message.[39m
2025-07-14 01:08:15:815 [31merror[39m: [31mErro ao inicializar Firebase Admin SDK a partir das variáveis de ambiente. Failed to parse private key: Error: Invalid PEM formatted message.[39m
2025-07-14 01:09:26:926 [31merror[39m: [31mErro ao inicializar Firebase Admin SDK a partir do arquivo de credenciais. Verifique se o arquivo "firebase-credentials.json" existe e está no formato correto. Failed to parse service account json file: Error: Failed to parse private key: Error: Unparsed DER bytes remain after ASN.1 parsing.[39m
2025-07-14 08:50:17:5017 [31merror[39m: [31mErro ao inicializar Firebase Admin SDK a partir do arquivo de credenciais. Verifique se o arquivo "firebase-credentials.json" existe e está no formato correto. Failed to parse service account json file: Error: Failed to parse private key: Error: Unparsed DER bytes remain after ASN.1 parsing.[39m
2025-07-14 08:54:13:5413 [31merror[39m: [31mErro ao inicializar Firebase Admin SDK a partir do arquivo de credenciais. Verifique se o arquivo "firebase-credentials.json" existe e está no formato correto. Failed to parse service account json file: Error: Failed to parse private key: Error: Unparsed DER bytes remain after ASN.1 parsing.[39m
2025-07-14 08:55:28:5528 [31merror[39m: [31mErro ao inicializar Firebase Admin SDK a partir das variáveis de ambiente. Failed to parse private key: Error: Unparsed DER bytes remain after ASN.1 parsing.[39m
2025-07-14 09:29:25:2925 [31merror[39m: [31mErro ao inicializar Firebase Admin SDK a partir do arquivo de credenciais. Verifique se o arquivo "firebase-credentials.json" existe e está no formato correto. Failed to parse service account json file: Error: Failed to parse private key: Error: Unparsed DER bytes remain after ASN.1 parsing.[39m
2025-07-14 12:57:51:5751 [31merror[39m: [31mErro ao verificar token Firebase: Decoding Firebase ID token failed. Make sure you passed the entire string JWT which represents an ID token. See https://firebase.google.com/docs/auth/admin/verify-id-tokens for details on how to retrieve an ID token.[39m
